2026-07-02 15:09:18, MOVE, v:1, k:ed@especiais, mode:PICK
2026-07-02 15:09:19, MOVE, v:1, k:ed@especiais, mode:BACK
2026-07-02 15:09:28, MOVE, v:1, k:ed@manipulacao, mode:PICK
2026-07-02 15:10:07, EXEC, v:1, k:ed@manipulacao, mode:FULL, rate:100, size:146
2026-07-02 15:10:12, MOVE, v:1, k:ed@manipulacao, mode:BACK
2026-07-02 15:10:27, MOVE, v:1, k:ed@manipulacao, mode:PICK
2026-07-02 15:11:02, EXEC, v:1, k:ed@manipulacao, mode:FULL, rate:100
2026-07-02 15:11:08, MOVE, v:1, k:ed@manipulacao, mode:BACK
2026-07-02 15:11:20, MOVE, v:1, k:ed@especiais, mode:PICK
2026-07-02 15:11:30, MOVE, v:1, k:ed@especiais, mode:BACK
2026-07-02 15:13:24, MOVE, v:1, k:ed@buscas, mode:PICK
2026-07-02 15:13:26, MOVE, v:1, k:ed@buscas, mode:BACK
2026-07-02 15:09:57, MOVE, v:1, k:ed@manipulacao, mode:EDIT
2026-07-02 15:11:01, MOVE, v:1, k:ed@manipulacao, mode:EDIT
2026-07-02 15:11:22, MOVE, v:1, k:ed@especiais, mode:EDIT
2026-07-02 15:51:37, MOVE, v:1, k:ed@buscas, mode:PICK
2026-07-02 15:51:19, MOVE, v:1, k:ed@alternando, mode:EDIT
2026-07-02 15:51:19, MOVE, v:1, k:ed@apagando, mode:EDIT
2026-07-02 15:51:19, MOVE, v:1, k:ed@apagando, mode:EDIT
2026-07-02 15:51:19, MOVE, v:1, k:ed@bufferring, mode:EDIT
2026-07-02 15:51:19, MOVE, v:1, k:ed@bufferring, mode:EDIT
2026-07-02 15:51:41, MOVE, v:1, k:ed@buscas, mode:EDIT
2026-07-02 15:51:19, MOVE, v:1, k:ed@buscas, mode:EDIT
2026-07-02 15:51:19, MOVE, v:1, k:ed@chaves, mode:EDIT
2026-07-02 15:51:19, MOVE, v:1, k:ed@chaves, mode:EDIT
2026-07-02 15:51:19, MOVE, v:1, k:ed@chaves, mode:EDIT
2026-07-02 15:51:19, MOVE, v:1, k:ed@editorint, mode:EDIT
2026-07-02 15:51:19, MOVE, v:1, k:ed@editorint, mode:EDIT
2026-07-02 15:51:19, MOVE, v:1, k:ed@editorint, mode:EDIT
2026-07-02 15:51:19, MOVE, v:1, k:ed@editorint, mode:EDIT
2026-07-02 15:51:19, MOVE, v:1, k:ed@fractais_png, mode:EDIT
2026-07-02 15:51:19, MOVE, v:1, k:ed@fractais_png, mode:EDIT
2026-07-02 15:51:19, MOVE, v:1, k:ed@fractais_png, mode:EDIT
2026-07-02 15:51:19, MOVE, v:1, k:ed@fractais_png, mode:EDIT
2026-07-02 15:51:19, MOVE, v:1, k:ed@fractais_png, mode:EDIT
2026-07-02 15:51:19, MOVE, v:1, k:ed@lista_d1, mode:EDIT
2026-07-02 15:51:19, MOVE, v:1, k:ed@lista_d1, mode:EDIT
2026-07-02 15:51:19, MOVE, v:1, k:ed@pilha, mode:EDIT
2026-07-02 15:51:19, MOVE, v:1, k:ed@pilha, mode:EDIT
2026-07-02 15:51:19, MOVE, v:1, k:ed@princesa, mode:EDIT
2026-07-02 15:51:19, MOVE, v:1, k:ed@princesa, mode:EDIT
2026-07-02 15:51:19, MOVE, v:1, k:ed@queimada, mode:EDIT
2026-07-02 15:51:19, MOVE, v:1, k:ed@queimada, mode:EDIT
2026-07-02 15:51:19, MOVE, v:1, k:ed@resto, mode:EDIT
2026-07-02 15:51:19, MOVE, v:1, k:ed@rotacoes, mode:EDIT
2026-07-02 15:51:19, MOVE, v:1, k:ed@rotacoes, mode:EDIT
2026-07-02 15:51:19, MOVE, v:1, k:ed@setbuild, mode:EDIT
2026-07-02 15:51:19, MOVE, v:1, k:ed@setbuild, mode:EDIT
2026-07-02 15:51:19, MOVE, v:1, k:ed@subset_sum, mode:EDIT
2026-07-02 15:51:19, MOVE, v:1, k:ed@subset_sum, mode:EDIT
2026-07-02 15:51:19, MOVE, v:1, k:ed@triangulo, mode:EDIT
2026-07-02 15:51:19, MOVE, v:1, k:ed@triangulo, mode:EDIT
2026-07-02 15:51:19, MOVE, v:1, k:ed@vetbuild, mode:EDIT
2026-07-02 15:51:19, MOVE, v:1, k:ed@vetbuild, mode:EDIT
2026-07-02 17:06:03, MOVE, v:1, k:ed@alternando, mode:EDIT
2026-07-02 17:06:03, MOVE, v:1, k:ed@apagando, mode:EDIT
2026-07-02 17:06:03, MOVE, v:1, k:ed@apagando, mode:EDIT
2026-07-02 17:06:03, MOVE, v:1, k:ed@bufferring, mode:EDIT
2026-07-02 17:06:03, MOVE, v:1, k:ed@bufferring, mode:EDIT
2026-07-02 17:06:03, MOVE, v:1, k:ed@buscas, mode:EDIT
2026-07-02 17:06:03, MOVE, v:1, k:ed@buscas, mode:EDIT
2026-07-02 17:06:03, MOVE, v:1, k:ed@chaves, mode:EDIT
2026-07-02 17:06:03, MOVE, v:1, k:ed@chaves, mode:EDIT
2026-07-02 17:06:03, MOVE, v:1, k:ed@chaves, mode:EDIT
2026-07-02 17:06:03, MOVE, v:1, k:ed@editorint, mode:EDIT
2026-07-02 17:06:03, MOVE, v:1, k:ed@editorint, mode:EDIT
2026-07-02 17:06:03, MOVE, v:1, k:ed@editorint, mode:EDIT
2026-07-02 17:06:03, MOVE, v:1, k:ed@editorint, mode:EDIT
2026-07-02 17:06:03, MOVE, v:1, k:ed@especiais, mode:EDIT
2026-07-02 17:06:03, MOVE, v:1, k:ed@fractais_png, mode:EDIT
2026-07-02 17:06:03, MOVE, v:1, k:ed@fractais_png, mode:EDIT
2026-07-02 17:06:03, MOVE, v:1, k:ed@fractais_png, mode:EDIT
2026-07-02 17:06:03, MOVE, v:1, k:ed@fractais_png, mode:EDIT
2026-07-02 17:06:03, MOVE, v:1, k:ed@fractais_png, mode:EDIT
2026-07-02 17:06:03, MOVE, v:1, k:ed@lista_d1, mode:EDIT
2026-07-02 17:06:03, MOVE, v:1, k:ed@lista_d1, mode:EDIT
2026-07-02 17:06:03, MOVE, v:1, k:ed@pilha, mode:EDIT
2026-07-02 17:06:03, MOVE, v:1, k:ed@pilha, mode:EDIT
2026-07-02 17:06:03, MOVE, v:1, k:ed@princesa, mode:EDIT
2026-07-02 17:06:03, MOVE, v:1, k:ed@princesa, mode:EDIT
2026-07-02 17:06:03, MOVE, v:1, k:ed@queimada, mode:EDIT
2026-07-02 17:06:03, MOVE, v:1, k:ed@queimada, mode:EDIT
2026-07-02 17:06:03, MOVE, v:1, k:ed@resto, mode:EDIT
2026-07-02 17:06:03, MOVE, v:1, k:ed@rotacoes, mode:EDIT
2026-07-02 17:06:03, MOVE, v:1, k:ed@rotacoes, mode:EDIT
2026-07-02 17:06:03, MOVE, v:1, k:ed@setbuild, mode:EDIT
2026-07-02 17:06:03, MOVE, v:1, k:ed@setbuild, mode:EDIT
2026-07-02 17:06:03, MOVE, v:1, k:ed@subset_sum, mode:EDIT
2026-07-02 17:06:03, MOVE, v:1, k:ed@subset_sum, mode:EDIT
2026-07-02 17:06:03, MOVE, v:1, k:ed@triangulo, mode:EDIT
2026-07-02 17:06:03, MOVE, v:1, k:ed@triangulo, mode:EDIT
2026-07-02 17:06:03, MOVE, v:1, k:ed@vetbuild, mode:EDIT
2026-07-02 17:06:03, MOVE, v:1, k:ed@vetbuild, mode:EDIT
