2026-03-22 21:37:12, MOVE, v:1, k:ed@fuga, mode:PICK
2026-03-22 21:37:14, EXEC, v:1, k:ed@fuga, mode:FREE, size:21
2026-03-22 21:37:44, MOVE, v:1, k:ed@fuga, mode:PICK
2026-03-22 21:37:50, MOVE, v:1, k:ed@fuga, mode:BACK
2026-03-22 21:37:53, MOVE, v:1, k:ed@gomos, mode:DOWN
2026-03-22 21:38:04, MOVE, v:1, k:ed@gomos, mode:PICK
2026-03-22 21:38:07, EXEC, v:1, k:ed@gomos, mode:FREE, size:5
2026-03-22 21:39:22, MOVE, v:1, k:ed@gomos, mode:PICK
2026-03-22 21:50:04, MOVE, v:1, k:ed@gomos, mode:BACK
2026-03-22 21:50:12, MOVE, v:1, k:ed@casais, mode:PICK
2026-03-22 21:50:13, EXEC, v:1, k:ed@casais, mode:FREE
2026-03-22 21:50:31, MOVE, v:1, k:ed@casais, mode:BACK
2026-03-22 21:50:34, MOVE, v:1, k:ed@casais, mode:PICK
2026-03-22 22:01:59, MOVE, v:1, k:ed@casais, mode:BACK
2026-03-22 22:02:12, MOVE, v:1, k:ed@gomos, mode:PICK
2026-03-22 22:02:13, EXEC, v:1, k:ed@gomos, mode:FREE, size:7
2026-03-22 22:07:47, MOVE, v:1, k:ed@gomos, mode:BACK
2026-03-22 22:07:52, MOVE, v:1, k:ed@fuga, mode:PICK
2026-03-22 22:07:53, EXEC, v:1, k:ed@fuga, mode:FREE
2026-03-22 22:54:48, MOVE, v:1, k:ed@fuga, mode:BACK
2026-03-22 23:05:52, MOVE, v:1, k:sandbox@user_000, mode:PICK
2026-03-22 23:05:54, MOVE, v:1, k:sandbox@user_000, mode:BACK
2026-03-22 23:21:16, MOVE, v:1, k:ed@fuga, mode:PICK
2026-03-22 23:24:01, EXEC, v:1, k:ed@fuga, mode:FREE, size:20
2026-03-22 23:24:29, EXEC, v:1, k:ed@fuga, mode:FULL, rate:100
2026-03-22 23:26:09, MOVE, v:1, k:ed@fuga, mode:BACK
2026-03-22 23:26:13, MOVE, v:1, k:ed@fuga, mode:PICK
2026-03-22 23:26:18, EXEC, v:1, k:ed@fuga, mode:FULL, rate:100
2026-03-22 23:26:19, MOVE, v:1, k:ed@fuga, mode:BACK
2026-03-22 23:26:23, MOVE, v:1, k:ed@pedra, mode:PICK
2026-03-22 23:26:37, MOVE, v:1, k:ed@pedra, mode:BACK
2026-03-22 23:26:40, MOVE, v:1, k:ed@pedra, mode:PICK
2026-03-22 23:26:42, EXEC, v:1, k:ed@pedra, mode:FREE, size:22
2026-03-22 23:27:57, EXEC, v:1, k:ed@pedra, mode:FULL, rate:100, size:38
2026-03-22 23:28:18, EXEC, v:1, k:ed@pedra, mode:FULL, rate:100
2026-03-22 23:28:24, EXEC, v:1, k:ed@pedra, mode:FULL, rate:100, size:37
2026-03-22 23:28:30, EXEC, v:1, k:ed@pedra, mode:FULL, rate:100
2026-03-22 23:28:34, EXEC, v:1, k:ed@pedra, mode:FULL, rate:25, size:37
2026-03-22 23:28:38, EXEC, v:1, k:ed@pedra, mode:FULL, rate:25
2026-03-22 23:28:44, EXEC, v:1, k:ed@pedra, mode:FULL, rate:25
2026-03-22 23:28:50, EXEC, v:1, k:ed@pedra, mode:FULL, rate:100, size:37
2026-03-22 23:28:52, MOVE, v:1, k:ed@pedra, mode:BACK
2026-03-22 23:28:57, MOVE, v:1, k:ed@casais, mode:PICK
2026-03-22 23:28:59, EXEC, v:1, k:ed@casais, mode:FULL, rate:100
2026-03-22 23:29:01, MOVE, v:1, k:ed@casais, mode:BACK
2026-03-22 23:29:02, MOVE, v:1, k:ed@fuga, mode:PICK
2026-03-22 23:29:05, EXEC, v:1, k:ed@fuga, mode:FULL, rate:100
2026-03-22 23:29:05, MOVE, v:1, k:ed@fuga, mode:BACK
2026-03-22 23:29:07, MOVE, v:1, k:ed@mumia, mode:PICK
2026-03-22 23:29:09, EXEC, v:1, k:ed@mumia, mode:FULL, rate:100
2026-03-22 23:29:10, MOVE, v:1, k:ed@mumia, mode:BACK
2026-03-22 23:29:11, MOVE, v:1, k:ed@pintando, mode:PICK
2026-03-22 23:29:13, EXEC, v:1, k:ed@pintando, mode:FULL, rate:100
2026-03-22 23:29:14, MOVE, v:1, k:ed@pintando, mode:BACK
2026-03-22 23:29:29, MOVE, v:1, k:ed@baruel, mode:PICK
2026-03-22 23:29:52, EXEC, v:1, k:ed@baruel, mode:FULL, rate:0, size:43
2026-03-22 23:30:37, EXEC, v:1, k:ed@baruel, mode:FULL, rate:100, size:55
2026-03-22 23:30:51, EXEC, v:1, k:ed@baruel, mode:FULL, rate:100
2026-03-22 23:30:56, EXEC, v:1, k:ed@baruel, mode:FULL, rate:50, size:55
2026-03-22 23:31:01, EXEC, v:1, k:ed@baruel, mode:FULL, rate:50
2026-03-22 23:31:44, EXEC, v:1, k:ed@baruel, mode:FULL, rate:100, size:57
2026-03-22 23:31:44, MOVE, v:1, k:ed@baruel, mode:BACK
2026-03-22 23:31:51, MOVE, v:1, k:ed@gomos, mode:PICK
2026-03-22 23:31:53, EXEC, v:1, k:ed@gomos, mode:FREE, size:8
2026-03-22 23:32:07, MOVE, v:1, k:ed@gomos, mode:BACK
2026-03-22 23:32:11, MOVE, v:1, k:ed@gomos, mode:PICK
2026-03-22 23:32:55, EXEC, v:1, k:ed@gomos, mode:FULL, rate:0
2026-03-22 23:33:14, EXEC, v:1, k:ed@gomos, mode:FULL, rate:0, size:9
2026-03-22 23:34:02, EXEC, v:1, k:ed@gomos, mode:FULL, rate:0, size:38
2026-03-22 23:34:57, MOVE, v:1, k:ed@gomos, mode:BACK
2026-03-22 23:37:19, MOVE, v:1, k:ed@pedra, mode:PICK
2026-03-22 23:37:21, MOVE, v:1, k:ed@pedra, mode:BACK
2026-03-22 23:37:22, MOVE, v:1, k:ed@gomos, mode:PICK
2026-03-22 23:37:24, EXEC, v:1, k:ed@gomos, mode:FREE, size:39
2026-03-22 23:37:44, MOVE, v:1, k:ed@gomos, mode:BACK
2026-03-22 23:37:46, MOVE, v:1, k:ed@gomos, mode:PICK
2026-03-22 23:42:23, MOVE, v:1, k:ed@gomos, mode:BACK
2026-03-22 23:42:25, MOVE, v:1, k:ed@gomos, mode:PICK
2026-03-22 23:43:46, MOVE, v:1, k:ed@gomos, mode:BACK
2026-03-22 23:43:51, MOVE, v:1, k:ed@pintando, mode:PICK
2026-03-22 23:44:24, MOVE, v:1, k:ed@pintando, mode:BACK
2026-03-22 23:44:26, MOVE, v:1, k:ed@gomos, mode:PICK
2026-03-22 23:44:27, EXEC, v:1, k:ed@gomos, mode:FREE
2026-03-22 23:45:09, MOVE, v:1, k:ed@gomos, mode:BACK
2026-03-22 23:45:10, MOVE, v:1, k:ed@gomos, mode:PICK
2026-03-22 23:45:17, EXEC, v:1, k:ed@gomos, mode:FULL, rate:0
2026-03-22 23:45:29, EXEC, v:1, k:ed@gomos, mode:FULL, rate:0
2026-03-22 23:46:25, EXEC, v:1, k:ed@gomos, mode:FULL, rate:0, size:38
2026-03-22 23:47:55, EXEC, v:1, k:ed@gomos, mode:FULL, rate:100, size:39
2026-03-22 23:48:42, MOVE, v:1, k:ed@gomos, mode:BACK
2026-03-22 23:49:20, MOVE, v:1, k:ed@pintando, mode:PICK
2026-03-22 23:49:22, EXEC, v:1, k:ed@pintando, mode:FREE
2026-03-22 23:49:33, MOVE, v:1, k:ed@pintando, mode:BACK
2026-03-22 23:51:10, MOVE, v:1, k:ed@gomos, mode:PICK
2026-03-22 23:51:11, EXEC, v:1, k:ed@gomos, mode:FREE
2026-03-22 23:52:08, EXEC, v:1, k:ed@gomos, mode:FULL, rate:100, size:40
2026-03-22 23:56:12, MOVE, v:1, k:ed@gomos, mode:BACK
2026-03-22 23:57:39, SELF, v:1, k:ed@fuga, self:1, rate:100, study:45, concept:1, problem:1, debug:1
2026-03-22 23:57:47, SELF, v:1, k:ed@fuga, self:1, rate:100, study:45
