2026-07-10 04:58:20, MOVE, v:1, k:ed@vetbuild, mode:PICK
2026-07-10 04:58:20, MOVE, v:1, k:ed@vetbuild, mode:EDIT
2026-07-10 04:59:29, MOVE, v:1, k:ed@vetbuild, mode:EDIT
2026-07-10 04:59:55, MOVE, v:1, k:ed@mumia, mode:EDIT
2026-07-10 04:59:55, MOVE, v:1, k:ed@baruel, mode:EDIT
2026-07-10 04:59:55, MOVE, v:1, k:ed@fuga, mode:EDIT
2026-07-10 04:59:55, MOVE, v:1, k:ed@manipulacao, mode:EDIT
2026-07-10 04:59:55, MOVE, v:1, k:ed@gomos, mode:EDIT
2026-07-10 04:59:55, MOVE, v:1, k:ed@rotacoes, mode:EDIT
2026-07-10 04:59:55, MOVE, v:1, k:ed@casais, mode:EDIT
2026-07-10 05:31:08, EXEC, v:1, k:ed@vetbuild, mode:FULL, size:140, fail:COMP
2026-07-10 05:31:08, EXEC, v:1, k:ed@vetbuild, mode:FULL, size:140, fail:COMP
2026-07-10 05:31:47, EXEC, v:1, k:ed@vetbuild, mode:FULL, size:140, fail:COMP
2026-07-10 05:31:56, EXEC, v:1, k:ed@vetbuild, mode:FULL, fail:COMP
2026-07-10 05:32:07, EXEC, v:1, k:ed@vetbuild, mode:FULL, size:140, fail:COMP
2026-07-10 05:32:18, EXEC, v:1, k:ed@vetbuild, mode:FULL, fail:COMP
2026-07-10 05:32:22, EXEC, v:1, k:ed@vetbuild, mode:FULL, size:140, fail:COMP
2026-07-10 05:33:18, EXEC, v:1, k:ed@vetbuild, mode:FULL, fail:COMP
2026-07-10 05:32:21, MOVE, v:1, k:ed@vetbuild, mode:EDIT
2026-07-10 05:33:26, EXEC, v:1, k:ed@vetbuild, mode:FULL, rate:0, size:140
2026-07-10 05:35:19, EXEC, v:1, k:ed@vetbuild, mode:FULL, rate:0, size:140
2026-07-10 05:36:44, EXEC, v:1, k:ed@vetbuild, mode:FULL, rate:0, size:140
2026-07-10 05:36:41, MOVE, v:1, k:ed@vetbuild, mode:EDIT
2026-07-10 05:36:43, MOVE, v:1, k:ed@vetbuild, mode:EDIT
2026-07-10 05:39:12, EXEC, v:1, k:ed@vetbuild, mode:FULL, rate:0, size:140
2026-07-10 05:39:30, EXEC, v:1, k:ed@vetbuild, mode:FULL, rate:0, size:140
2026-07-10 05:42:33, MOVE, v:1, k:ed@vetbuild, mode:EDIT
2026-07-10 05:39:29, MOVE, v:1, k:ed@vetbuild, mode:EDIT
2026-07-10 05:44:24, MOVE, v:1, k:ed@vetbuild, mode:EDIT
2026-07-10 05:49:28, EXEC, v:1, k:ed@vetbuild, mode:FULL, size:154, fail:COMP
2026-07-10 05:49:54, EXEC, v:1, k:ed@vetbuild, mode:FULL, size:154, fail:COMP
2026-07-10 05:50:18, EXEC, v:1, k:ed@vetbuild, mode:FULL, fail:COMP
2026-07-10 05:50:30, EXEC, v:1, k:ed@vetbuild, mode:FULL, fail:COMP
2026-07-10 05:50:34, EXEC, v:1, k:ed@vetbuild, mode:FULL, size:154, fail:COMP
2026-07-10 05:50:52, EXEC, v:1, k:ed@vetbuild, mode:FULL, size:154, fail:COMP
2026-07-10 05:52:02, EXEC, v:1, k:ed@vetbuild, mode:FULL, size:154, fail:COMP
2026-07-10 05:52:28, EXEC, v:1, k:ed@vetbuild, mode:FULL, rate:0, size:155
2026-07-10 05:52:25, MOVE, v:1, k:ed@vetbuild, mode:EDIT
2026-07-10 05:52:27, MOVE, v:1, k:ed@vetbuild, mode:EDIT
2026-07-10 05:56:35, EXEC, v:1, k:ed@vetbuild, mode:FULL, size:156, fail:COMP
2026-07-10 05:56:48, EXEC, v:1, k:ed@vetbuild, mode:FULL, size:156, fail:COMP
2026-07-10 05:57:18, EXEC, v:1, k:ed@vetbuild, mode:FULL, fail:COMP
2026-07-10 05:56:47, MOVE, v:1, k:ed@vetbuild, mode:EDIT
2026-07-10 05:59:42, EXEC, v:1, k:ed@vetbuild, mode:FULL, rate:0, size:155
2026-07-10 06:00:40, EXEC, v:1, k:ed@vetbuild, mode:FULL, rate:18, size:155
2026-07-10 06:00:36, MOVE, v:1, k:ed@vetbuild, mode:EDIT
2026-07-10 05:59:40, MOVE, v:1, k:ed@vetbuild, mode:EDIT
2026-07-10 06:00:39, MOVE, v:1, k:ed@vetbuild, mode:EDIT
2026-07-10 06:12:27, MOVE, v:1, k:ed@vetbuild, mode:EDIT
2026-07-10 06:13:50, EXEC, v:1, k:ed@vetbuild, mode:FULL, size:165, fail:COMP
2026-07-10 06:15:22, EXEC, v:1, k:ed@vetbuild, mode:FULL, rate:27, size:165
2026-07-10 06:17:40, MOVE, v:1, k:ed@vetbuild, mode:EDIT
2026-07-10 06:15:21, MOVE, v:1, k:ed@vetbuild, mode:EDIT
2026-07-10 06:20:09, EXEC, v:1, k:ed@vetbuild, mode:FULL, rate:27, size:172
2026-07-10 06:23:00, EXEC, v:1, k:ed@vetbuild, mode:FULL, rate:36, size:180
2026-07-10 06:22:56, MOVE, v:1, k:ed@vetbuild, mode:EDIT
2026-07-10 06:22:59, MOVE, v:1, k:ed@vetbuild, mode:EDIT
2026-07-10 06:43:07, MOVE, v:1, k:ed@vetbuild, mode:EDIT
2026-07-10 06:45:10, EXEC, v:1, k:ed@vetbuild, mode:FULL, size:195, fail:COMP
2026-07-10 06:45:21, EXEC, v:1, k:ed@vetbuild, mode:FULL, fail:COMP
2026-07-10 06:45:39, EXEC, v:1, k:ed@vetbuild, mode:FULL, rate:36, size:185
2026-07-10 06:47:17, EXEC, v:1, k:ed@vetbuild, mode:FULL, rate:36
2026-07-10 06:45:36, MOVE, v:1, k:ed@vetbuild, mode:EDIT
2026-07-10 06:47:16, MOVE, v:1, k:ed@vetbuild, mode:EDIT
2026-07-10 06:49:15, EXEC, v:1, k:ed@vetbuild, mode:FULL, rate:45, size:186
2026-07-10 06:53:05, EXEC, v:1, k:ed@vetbuild, mode:FULL, size:190, fail:COMP
2026-07-10 06:50:48, MOVE, v:1, k:ed@vetbuild, mode:EDIT
2026-07-10 06:49:14, MOVE, v:1, k:ed@vetbuild, mode:EDIT
2026-07-10 06:53:39, EXEC, v:1, k:ed@vetbuild, mode:FULL, rate:54, size:192
2026-07-10 06:55:20, MOVE, v:1, k:ed@vetbuild, mode:EDIT
2026-07-10 06:53:38, MOVE, v:1, k:ed@vetbuild, mode:EDIT
2026-07-10 07:08:17, MOVE, v:1, k:ed@vetbuild, mode:EDIT
2026-07-10 07:11:26, MOVE, v:1, k:ed@vetbuild, mode:EDIT
2026-07-10 07:16:20, EXEC, v:1, k:ed@vetbuild, mode:FULL, rate:72, size:214
2026-07-10 07:17:28, MOVE, v:1, k:ed@vetbuild, mode:EDIT
2026-07-10 07:16:18, MOVE, v:1, k:ed@vetbuild, mode:EDIT
2026-07-10 07:16:19, MOVE, v:1, k:ed@vetbuild, mode:EDIT
2026-07-10 07:22:38, EXEC, v:1, k:ed@vetbuild, mode:FULL, rate:72, size:226
2026-07-10 07:22:32, MOVE, v:1, k:ed@vetbuild, mode:EDIT
2026-07-10 07:22:37, MOVE, v:1, k:ed@vetbuild, mode:EDIT
2026-07-10 07:23:49, EXEC, v:1, k:ed@vetbuild, mode:FULL, rate:72
2026-07-10 07:24:57, EXEC, v:1, k:ed@vetbuild, mode:FULL, rate:81, size:226
2026-07-10 07:25:17, MOVE, v:1, k:ed@vetbuild, mode:EDIT
2026-07-10 07:24:57, MOVE, v:1, k:ed@vetbuild, mode:EDIT
2026-07-10 07:47:51, EXEC, v:1, k:ed@vetbuild, mode:FULL, rate:81, size:235
2026-07-10 07:47:47, MOVE, v:1, k:ed@vetbuild, mode:EDIT
2026-07-10 07:47:50, MOVE, v:1, k:ed@vetbuild, mode:EDIT
2026-07-10 07:49:26, EXEC, v:1, k:ed@vetbuild, mode:FULL, rate:90, size:244
2026-07-10 07:51:58, MOVE, v:1, k:ed@vetbuild, mode:EDIT
2026-07-10 07:49:25, MOVE, v:1, k:ed@vetbuild, mode:EDIT
2026-07-10 07:55:44, MOVE, v:1, k:ed@vetbuild, mode:EDIT
2026-07-10 07:58:54, MOVE, v:1, k:ed@vetbuild, mode:EDIT
2026-07-10 11:09:37, EXEC, v:1, k:ed@vetbuild, mode:FULL, rate:90, size:268
2026-07-10 11:10:31, EXEC, v:1, k:ed@vetbuild, mode:FULL, rate:90, size:268
2026-07-10 11:11:00, MOVE, v:1, k:ed@vetbuild, mode:EDIT
2026-07-10 11:09:35, MOVE, v:1, k:ed@vetbuild, mode:EDIT
2026-07-10 11:10:30, MOVE, v:1, k:ed@vetbuild, mode:EDIT
2026-07-10 11:12:45, EXEC, v:1, k:ed@vetbuild, mode:FULL, rate:90, size:266
2026-07-10 11:16:03, MOVE, v:1, k:ed@vetbuild, mode:EDIT
2026-07-10 11:12:44, MOVE, v:1, k:ed@vetbuild, mode:EDIT
2026-07-10 11:17:18, EXEC, v:1, k:ed@vetbuild, mode:FULL, size:269, fail:COMP
2026-07-10 11:17:26, EXEC, v:1, k:ed@vetbuild, mode:FULL, size:267, fail:COMP
2026-07-10 11:17:56, EXEC, v:1, k:ed@vetbuild, mode:FULL, rate:100, size:261
2026-07-10 11:18:14, EXEC, v:1, k:ed@vetbuild, mode:FULL, size:259, fail:COMP
2026-07-10 11:19:11, EXEC, v:1, k:ed@vetbuild, mode:FULL, rate:100, size:261
2026-07-10 11:19:38, MOVE, v:1, k:ed@vetbuild, mode:BACK
2026-07-10 11:20:33, SELF, v:1, k:ed@vetbuild, self:1, rate:100, concept:1
2026-07-10 11:19:07, MOVE, v:1, k:ed@vetbuild, mode:EDIT
2026-07-10 11:19:11, MOVE, v:1, k:ed@vetbuild, mode:EDIT
2026-07-10 14:45:29, MOVE, v:1, k:ed@vetbuild, mode:EDIT
2026-07-10 14:54:45, MOVE, v:1, k:ed@vetbuild, mode:EDIT
2026-07-10 20:34:42, MOVE, v:1, k:ed@especiais, mode:PICK
2026-07-10 20:34:54, EXEC, v:1, k:ed@especiais, mode:FULL, rate:0
2026-07-10 20:34:56, MOVE, v:1, k:ed@especiais, mode:BACK
2026-07-10 20:34:59, MOVE, v:1, k:ed@buscas, mode:PICK
2026-07-10 20:35:05, EXEC, v:1, k:ed@buscas, mode:FULL, rate:0, size:5
2026-07-10 20:35:06, MOVE, v:1, k:ed@buscas, mode:BACK
2026-07-10 20:35:12, MOVE, v:1, k:ed@alternando, mode:PICK
2026-07-10 20:35:15, EXEC, v:1, k:ed@alternando, mode:FULL, rate:0
2026-07-10 20:35:16, MOVE, v:1, k:ed@alternando, mode:BACK
2026-07-10 20:34:42, MOVE, v:1, k:ed@especiais, mode:EDIT
2026-07-10 20:34:44, MOVE, v:1, k:ed@especiais, mode:EDIT
2026-07-10 20:34:53, MOVE, v:1, k:ed@especiais, mode:EDIT
2026-07-10 20:34:59, MOVE, v:1, k:ed@buscas, mode:EDIT
2026-07-10 20:34:59, MOVE, v:1, k:ed@buscas, mode:EDIT
2026-07-10 20:35:04, MOVE, v:1, k:ed@buscas, mode:EDIT
2026-07-10 20:35:05, MOVE, v:1, k:ed@buscas, mode:EDIT
2026-07-10 20:35:13, MOVE, v:1, k:ed@alternando, mode:EDIT
2026-07-10 20:35:14, MOVE, v:1, k:ed@alternando, mode:EDIT
2026-07-10 20:35:43, MOVE, v:1, k:ed@vetbuild, mode:EDIT
2026-07-10 20:44:14, MOVE, v:1, k:ed@iterador, mode:DOWN
2026-07-10 20:44:35, MOVE, v:1, k:ed@iterador, mode:PICK
2026-07-10 20:44:38, MOVE, v:1, k:ed@iterador, mode:BACK
2026-07-10 20:44:51, MOVE, v:1, k:ed@iterador, mode:PICK
2026-07-10 20:47:20, MOVE, v:1, k:ed@iterador, mode:BACK
2026-07-10 20:49:07, MOVE, v:1, k:ed@magicsearch, mode:DOWN
2026-07-10 20:49:11, MOVE, v:1, k:ed@multiset, mode:DOWN
2026-07-10 20:49:11, MOVE, v:1, k:ed@bettersearch, mode:DOWN
2026-07-10 20:49:13, MOVE, v:1, k:ed@magicsearch, mode:PICK
2026-07-10 20:49:50, MOVE, v:1, k:ed@magicsearch, mode:BACK
2026-07-10 20:49:53, MOVE, v:1, k:ed@magicsearch, mode:PICK
2026-07-10 20:49:07, MOVE, v:1, k:ed@magicsearch, mode:EDIT
2026-07-10 20:49:15, MOVE, v:1, k:ed@magicsearch, mode:EDIT
2026-07-10 20:49:11, MOVE, v:1, k:ed@multiset, mode:EDIT
2026-07-10 20:49:11, MOVE, v:1, k:ed@multiset, mode:EDIT
2026-07-10 20:49:11, MOVE, v:1, k:ed@bettersearch, mode:EDIT
2026-07-10 20:49:11, MOVE, v:1, k:ed@bettersearch, mode:EDIT
2026-07-10 21:28:01, MOVE, v:1, k:ed@iterador, mode:PICK
2026-07-10 21:30:54, EXEC, v:1, k:ed@iterador, mode:FULL, size:90, fail:COMP
2026-07-10 21:32:33, EXEC, v:1, k:ed@iterador, mode:FULL, fail:COMP
2026-07-10 21:32:31, MOVE, v:1, k:ed@iterador, mode:EDIT
2026-07-10 21:34:20, EXEC, v:1, k:ed@iterador, mode:FULL, rate:33, size:99
2026-07-10 21:37:48, EXEC, v:1, k:ed@iterador, mode:FULL, rate:33, size:103
2026-07-10 21:37:44, MOVE, v:1, k:ed@iterador, mode:EDIT
2026-07-10 21:37:48, MOVE, v:1, k:ed@iterador, mode:EDIT
2026-07-10 21:38:18, EXEC, v:1, k:ed@iterador, mode:FULL, rate:33, size:103
2026-07-10 21:38:59, EXEC, v:1, k:ed@iterador, mode:FULL, rate:33, size:103
2026-07-10 21:41:17, EXEC, v:1, k:ed@iterador, mode:FULL, rate:33, size:103
2026-07-10 21:41:41, EXEC, v:1, k:ed@iterador, mode:FULL, rate:33, size:103
2026-07-10 21:42:00, EXEC, v:1, k:ed@iterador, mode:FULL, rate:33, size:103
2026-07-10 21:42:13, EXEC, v:1, k:ed@iterador, mode:FULL, rate:33, size:103
2026-07-10 21:42:11, MOVE, v:1, k:ed@iterador, mode:EDIT
2026-07-10 21:42:13, MOVE, v:1, k:ed@iterador, mode:EDIT
2026-07-10 21:44:32, EXEC, v:1, k:ed@iterador, mode:FULL, rate:33, size:103
2026-07-10 21:44:47, EXEC, v:1, k:ed@iterador, mode:FULL, rate:33, size:103
2026-07-10 21:45:11, MOVE, v:1, k:ed@iterador, mode:PICK
2026-07-10 21:45:14, EXEC, v:1, k:ed@iterador, mode:FULL, rate:33, size:103
2026-07-10 21:46:01, EXEC, v:1, k:ed@iterador, mode:FULL, rate:66, size:103
2026-07-10 21:46:00, MOVE, v:1, k:ed@iterador, mode:EDIT
2026-07-10 21:48:19, MOVE, v:1, k:ed@iterador, mode:EDIT
2026-07-10 22:17:52, EXEC, v:1, k:ed@iterador, mode:FULL, rate:66, size:124
2026-07-10 22:17:57, EXEC, v:1, k:ed@iterador, mode:FULL, rate:66, size:124
2026-07-10 22:17:57, MOVE, v:1, k:ed@iterador, mode:EDIT
2026-07-10 22:17:55, MOVE, v:1, k:ed@iterador, mode:EDIT
2026-07-10 22:21:15, EXEC, v:1, k:ed@iterador, mode:FULL, rate:0, size:121
2026-07-10 22:21:49, EXEC, v:1, k:ed@iterador, mode:FULL, rate:66, size:121
2026-07-10 22:22:30, EXEC, v:1, k:ed@iterador, mode:FULL, rate:66, size:124
2026-07-10 22:23:33, EXEC, v:1, k:ed@iterador, mode:FULL, rate:66
2026-07-10 22:25:00, EXEC, v:1, k:ed@iterador, mode:FULL, rate:100, size:124
2026-07-10 22:25:05, MOVE, v:1, k:ed@iterador, mode:BACK
2026-07-10 22:25:04, MOVE, v:1, k:ed@iterador, mode:EDIT
2026-07-10 22:24:59, MOVE, v:1, k:ed@iterador, mode:EDIT
2026-07-10 22:25:21, MOVE, v:1, k:ed@magicsearch, mode:PICK
2026-07-10 22:25:25, MOVE, v:1, k:ed@magicsearch, mode:BACK
2026-07-10 22:26:12, SELF, v:1, k:ed@iterador, self:1, rate:100, concept:1
2026-07-10 22:26:24, MOVE, v:1, k:ed@magicsearch, mode:PICK
2026-07-10 22:26:49, EXEC, v:1, k:ed@magicsearch, mode:FULL, rate:30, size:30
2026-07-10 22:27:03, EXEC, v:1, k:ed@magicsearch, mode:FULL, rate:30
2026-07-10 22:27:30, MOVE, v:1, k:ed@magicsearch, mode:PICK
2026-07-10 22:30:35, MOVE, v:1, k:ed@magicsearch, mode:EDIT
2026-07-10 22:33:14, EXEC, v:1, k:ed@magicsearch, mode:FULL, rate:20, size:36
2026-07-10 22:33:33, EXEC, v:1, k:ed@magicsearch, mode:FULL, rate:20, size:36
2026-07-10 22:34:20, EXEC, v:1, k:ed@magicsearch, mode:FULL, rate:20, size:34
2026-07-10 22:35:45, EXEC, v:1, k:ed@magicsearch, mode:FULL, rate:70, size:34
2026-07-10 22:35:42, MOVE, v:1, k:ed@magicsearch, mode:EDIT
2026-07-10 22:35:44, MOVE, v:1, k:ed@magicsearch, mode:EDIT
2026-07-10 23:13:34, EXEC, v:1, k:ed@magicsearch, mode:FULL, rate:50, size:42
2026-07-10 23:14:46, EXEC, v:1, k:ed@magicsearch, mode:FULL, rate:50, size:42
2026-07-10 23:16:55, EXEC, v:1, k:ed@magicsearch, mode:FULL, rate:60, size:46
2026-07-10 23:16:52, MOVE, v:1, k:ed@magicsearch, mode:EDIT
2026-07-10 23:16:54, MOVE, v:1, k:ed@magicsearch, mode:EDIT
2026-07-10 23:20:54, EXEC, v:1, k:ed@magicsearch, mode:FULL, rate:70, size:41
2026-07-10 23:22:08, EXEC, v:1, k:ed@magicsearch, mode:FULL, rate:70, size:41
2026-07-10 23:22:04, MOVE, v:1, k:ed@magicsearch, mode:EDIT
2026-07-10 23:22:07, MOVE, v:1, k:ed@magicsearch, mode:EDIT
2026-07-10 23:24:22, EXEC, v:1, k:ed@magicsearch, mode:FULL, rate:100, size:41
2026-07-10 23:27:23, EXEC, v:1, k:ed@magicsearch, mode:FULL, rate:100, size:71
2026-07-10 23:27:18, MOVE, v:1, k:ed@magicsearch, mode:EDIT
2026-07-10 23:27:22, MOVE, v:1, k:ed@magicsearch, mode:EDIT
2026-07-10 23:27:21, MOVE, v:1, k:ed@magicsearch, mode:EDIT
2026-07-10 23:29:22, MOVE, v:1, k:ed@magicsearch, mode:BACK
2026-07-10 23:30:11, SELF, v:1, k:ed@magicsearch, self:1, rate:100, study:30, concept:1, refactor:1
2026-07-10 23:30:50, MOVE, v:1, k:ed@magicsearch, mode:PICK
2026-07-10 23:30:54, EXEC, v:1, k:ed@magicsearch, mode:FULL, rate:100, size:67
2026-07-10 23:30:55, MOVE, v:1, k:ed@magicsearch, mode:BACK
2026-07-10 23:27:32, MOVE, v:1, k:ed@magicsearch, mode:EDIT
2026-07-10 23:30:53, MOVE, v:1, k:ed@magicsearch, mode:EDIT
2026-07-10 23:32:53, MOVE, v:1, k:ed@setbuild, mode:PICK
2026-07-10 23:32:53, MOVE, v:1, k:ed@setbuild, mode:EDIT
2026-07-10 23:33:02, MOVE, v:1, k:ed@setbuild, mode:EDIT
