2026-07-11 00:12:17, MOVE, v:1, k:ed@setbuild, mode:BACK
2026-07-11 00:12:21, MOVE, v:1, k:ed@setbuild, mode:PICK
2026-07-11 00:12:05, MOVE, v:1, k:ed@setbuild, mode:EDIT
2026-07-11 00:12:38, MOVE, v:1, k:ed@vetbuild, mode:EDIT
2026-07-11 01:41:31, MOVE, v:1, k:ed@setbuild, mode:PICK
2026-07-11 01:45:06, EXEC, v:1, k:ed@setbuild, mode:FULL, size:81, fail:COMP
2026-07-11 01:46:07, EXEC, v:1, k:ed@setbuild, mode:FULL, size:82, fail:COMP
2026-07-11 01:41:31, MOVE, v:1, k:ed@setbuild, mode:EDIT
2026-07-11 01:41:31, MOVE, v:1, k:ed@setbuild, mode:EDIT
2026-07-11 01:46:06, MOVE, v:1, k:ed@setbuild, mode:EDIT
2026-07-11 01:46:42, EXEC, v:1, k:ed@setbuild, mode:FULL, size:82, fail:COMP
2026-07-11 01:46:49, EXEC, v:1, k:ed@setbuild, mode:FULL, rate:0, size:82
2026-07-11 01:48:03, EXEC, v:1, k:ed@setbuild, mode:FULL, rate:0, size:83
2026-07-11 01:48:24, EXEC, v:1, k:ed@setbuild, mode:FULL, rate:0, size:83
2026-07-11 01:49:30, MOVE, v:1, k:ed@setbuild, mode:EDIT
2026-07-11 01:48:23, MOVE, v:1, k:ed@setbuild, mode:EDIT
2026-07-11 01:55:55, MOVE, v:1, k:ed@setbuild, mode:EDIT
2026-07-11 01:59:30, MOVE, v:1, k:ed@setbuild, mode:PICK
2026-07-11 01:59:32, EXEC, v:1, k:ed@setbuild, mode:FULL, rate:0, size:114
2026-07-11 02:02:24, EXEC, v:1, k:ed@setbuild, mode:FULL, rate:0, size:120
2026-07-11 02:02:33, MOVE, v:1, k:ed@setbuild, mode:PICK
2026-07-11 02:02:35, EXEC, v:1, k:ed@setbuild, mode:FULL, rate:0
2026-07-11 02:02:45, EXEC, v:1, k:ed@setbuild, mode:FULL, rate:0, size:117
2026-07-11 02:04:32, EXEC, v:1, k:ed@setbuild, mode:FULL, rate:0, size:115
2026-07-11 02:04:31, MOVE, v:1, k:ed@setbuild, mode:EDIT
2026-07-11 02:04:28, MOVE, v:1, k:ed@setbuild, mode:EDIT
2026-07-11 02:06:52, MOVE, v:1, k:ed@iterador, mode:EDIT
2026-07-11 02:10:45, MOVE, v:1, k:ed@setbuild, mode:BACK
2026-07-11 02:10:46, MOVE, v:1, k:ed@setbuild, mode:PICK
2026-07-11 02:10:49, EXEC, v:1, k:ed@setbuild, mode:FULL, rate:0, size:127
2026-07-11 02:11:27, EXEC, v:1, k:ed@setbuild, mode:FULL, rate:0
2026-07-11 02:11:43, EXEC, v:1, k:ed@setbuild, mode:FULL, rate:0, size:127
2026-07-11 02:11:40, MOVE, v:1, k:ed@setbuild, mode:EDIT
2026-07-11 02:11:42, MOVE, v:1, k:ed@setbuild, mode:EDIT
2026-07-11 02:12:40, EXEC, v:1, k:ed@setbuild, mode:FULL, rate:0
2026-07-11 02:14:16, EXEC, v:1, k:ed@setbuild, mode:FULL, rate:0, size:127
2026-07-11 02:15:11, EXEC, v:1, k:ed@setbuild, mode:FULL, rate:0, size:127
2026-07-11 02:15:51, EXEC, v:1, k:ed@setbuild, mode:FULL, rate:0, size:124
2026-07-11 02:16:39, EXEC, v:1, k:ed@setbuild, mode:FULL, size:126, fail:COMP
2026-07-11 02:16:37, MOVE, v:1, k:ed@setbuild, mode:EDIT
2026-07-11 02:15:50, MOVE, v:1, k:ed@setbuild, mode:EDIT
2026-07-11 02:19:17, EXEC, v:1, k:ed@setbuild, mode:FULL, fail:COMP
2026-07-11 02:19:23, EXEC, v:1, k:ed@setbuild, mode:FULL, fail:COMP
2026-07-11 02:19:26, EXEC, v:1, k:ed@setbuild, mode:FULL, fail:COMP
2026-07-11 02:19:48, EXEC, v:1, k:ed@setbuild, mode:FULL, rate:0, size:127
2026-07-11 02:20:15, EXEC, v:1, k:ed@setbuild, mode:FULL, rate:0, size:127
2026-07-11 02:22:18, MOVE, v:1, k:ed@setbuild, mode:EDIT
2026-07-11 02:20:14, MOVE, v:1, k:ed@setbuild, mode:EDIT
2026-07-11 02:24:45, EXEC, v:1, k:ed@setbuild, mode:FULL, rate:0, size:128
2026-07-11 02:24:58, EXEC, v:1, k:ed@setbuild, mode:FULL, size:128, fail:COMP
2026-07-11 02:25:12, EXEC, v:1, k:ed@setbuild, mode:FULL, size:128, fail:COMP
2026-07-11 02:25:35, EXEC, v:1, k:ed@setbuild, mode:FULL, rate:0, size:127
2026-07-11 02:26:37, EXEC, v:1, k:ed@setbuild, mode:FULL, rate:0, size:127
2026-07-11 02:26:32, MOVE, v:1, k:ed@setbuild, mode:EDIT
2026-07-11 02:26:36, MOVE, v:1, k:ed@setbuild, mode:EDIT
2026-07-11 02:28:09, EXEC, v:1, k:ed@setbuild, mode:FULL, rate:0, size:127
2026-07-11 02:29:21, EXEC, v:1, k:ed@setbuild, mode:FULL, rate:0, size:130
2026-07-11 02:30:16, EXEC, v:1, k:ed@setbuild, mode:FULL, rate:0, size:128
2026-07-11 02:30:22, EXEC, v:1, k:ed@setbuild, mode:FULL, rate:0
2026-07-11 02:30:51, EXEC, v:1, k:ed@setbuild, mode:FULL, rate:0, size:128
2026-07-11 02:31:02, MOVE, v:1, k:ed@setbuild, mode:BACK
2026-07-11 02:31:11, MOVE, v:1, k:ed@setbuild, mode:PICK
2026-07-11 02:31:50, EXEC, v:1, k:ed@setbuild, mode:FULL, rate:0, size:128
2026-07-11 02:32:43, EXEC, v:1, k:ed@setbuild, mode:FULL, rate:0, size:127
2026-07-11 02:32:59, MOVE, v:1, k:ed@setbuild, mode:BACK
2026-07-11 02:33:50, MOVE, v:1, k:ed@setbuild, mode:PICK
2026-07-11 02:33:51, EXEC, v:1, k:ed@setbuild, mode:FULL, size:128, fail:COMP
2026-07-11 02:34:49, EXEC, v:1, k:ed@setbuild, mode:FULL, size:127, fail:COMP
2026-07-11 02:35:14, EXEC, v:1, k:ed@setbuild, mode:FULL, rate:0, size:127
2026-07-11 02:35:57, EXEC, v:1, k:ed@setbuild, mode:FULL, rate:0, size:127
2026-07-11 02:35:50, MOVE, v:1, k:ed@setbuild, mode:EDIT
2026-07-11 02:35:56, MOVE, v:1, k:ed@setbuild, mode:EDIT
2026-07-11 02:38:46, EXEC, v:1, k:ed@setbuild, mode:FULL, rate:0, size:127
2026-07-11 02:38:54, EXEC, v:1, k:ed@setbuild, mode:FULL, rate:0
2026-07-11 02:39:36, EXEC, v:1, k:ed@setbuild, mode:FULL, rate:0, size:127
2026-07-11 02:39:34, MOVE, v:1, k:ed@setbuild, mode:EDIT
2026-07-11 02:39:36, MOVE, v:1, k:ed@setbuild, mode:EDIT
2026-07-11 02:42:33, EXEC, v:1, k:ed@setbuild, mode:FULL, rate:0, size:130
2026-07-11 02:42:50, EXEC, v:1, k:ed@setbuild, mode:FULL, rate:0, size:127
2026-07-11 02:43:10, EXEC, v:1, k:ed@setbuild, mode:FULL, size:127, fail:COMP
2026-07-11 02:45:04, EXEC, v:1, k:ed@setbuild, mode:FULL, size:130, fail:COMP
2026-07-11 02:45:23, EXEC, v:1, k:ed@setbuild, mode:FULL, rate:0, size:129
2026-07-11 02:45:46, MOVE, v:1, k:ed@setbuild, mode:EDIT
2026-07-11 02:42:32, MOVE, v:1, k:ed@setbuild, mode:EDIT
2026-07-11 02:45:22, MOVE, v:1, k:ed@setbuild, mode:EDIT
2026-07-11 02:54:56, EXEC, v:1, k:ed@setbuild, mode:FULL, rate:0, size:127
2026-07-11 02:54:49, MOVE, v:1, k:ed@setbuild, mode:EDIT
2026-07-11 02:54:55, MOVE, v:1, k:ed@setbuild, mode:EDIT
2026-07-11 02:57:24, EXEC, v:1, k:ed@setbuild, mode:FULL, rate:0, size:126
2026-07-11 03:00:16, MOVE, v:1, k:ed@setbuild, mode:PICK
2026-07-11 03:00:26, EXEC, v:1, k:ed@setbuild, mode:FULL, rate:0, size:127
2026-07-11 03:01:22, EXEC, v:1, k:ed@setbuild, mode:FULL, rate:33, size:126
2026-07-11 03:02:58, EXEC, v:1, k:ed@setbuild, mode:FULL, size:130, fail:COMP
2026-07-11 03:03:20, EXEC, v:1, k:ed@setbuild, mode:FULL, rate:33, size:130
2026-07-11 03:03:19, MOVE, v:1, k:ed@setbuild, mode:EDIT
2026-07-11 03:05:12, MOVE, v:1, k:ed@setbuild, mode:EDIT
2026-07-11 03:05:16, EXEC, v:1, k:ed@setbuild, mode:FULL, rate:66, size:135
2026-07-11 03:09:23, MOVE, v:1, k:ed@setbuild, mode:PICK
2026-07-11 03:09:25, EXEC, v:1, k:ed@setbuild, mode:FULL, size:147, fail:COMP
2026-07-11 03:10:39, EXEC, v:1, k:ed@setbuild, mode:FULL, rate:66, size:148
2026-07-11 03:11:28, EXEC, v:1, k:ed@setbuild, mode:FULL, size:144, fail:COMP
2026-07-11 03:11:48, EXEC, v:1, k:ed@setbuild, mode:FULL, rate:66, size:144
2026-07-11 03:12:26, EXEC, v:1, k:ed@setbuild, mode:FULL, rate:66, size:147
2026-07-11 03:13:21, EXEC, v:1, k:ed@setbuild, mode:FULL, rate:100, size:148
2026-07-11 03:13:25, MOVE, v:1, k:ed@setbuild, mode:BACK
2026-07-11 03:14:15, SELF, v:1, k:ed@setbuild, self:1, rate:100, study:100, concept:1
2026-07-11 03:13:17, MOVE, v:1, k:ed@setbuild, mode:EDIT
2026-07-11 03:13:21, MOVE, v:1, k:ed@setbuild, mode:EDIT
