2026-05-19 16:04:12, MOVE, v:1, k:ed@pedra, mode:PICK
2026-05-19 16:04:45, EXEC, v:1, k:ed@pedra, mode:FULL, rate:100
2026-05-19 16:04:49, EXEC, v:1, k:ed@pedra, mode:FULL, rate:100
2026-05-19 16:04:49, MOVE, v:1, k:ed@pedra, mode:BACK
2026-05-19 16:05:22, MOVE, v:1, k:ed@pedra, mode:PICK
2026-05-19 16:05:27, EXEC, v:1, k:ed@pedra, mode:FULL, rate:100
2026-05-19 16:05:28, MOVE, v:1, k:ed@pedra, mode:BACK
2026-05-19 16:04:12, MOVE, v:1, k:ed@pedra, mode:EDIT
2026-05-19 16:04:12, MOVE, v:1, k:ed@pedra, mode:EDIT
2026-05-19 16:04:14, MOVE, v:1, k:ed@pedra, mode:EDIT
2026-05-19 16:05:26, MOVE, v:1, k:ed@pedra, mode:EDIT
2026-05-19 16:09:59, MOVE, v:1, k:ed@apagando, mode:PICK
2026-05-19 16:10:03, MOVE, v:1, k:ed@apagando, mode:BACK
2026-05-19 16:10:05, MOVE, v:1, k:ed@princesa, mode:PICK
2026-05-19 16:10:05, MOVE, v:1, k:ed@princesa, mode:BACK
2026-05-19 16:10:45, MOVE, v:1, k:ed@triangulo, mode:PICK
2026-05-19 16:11:53, MOVE, v:1, k:ed@triangulo, mode:BACK
2026-05-19 16:12:05, MOVE, v:1, k:ed@pedra, mode:PICK
2026-05-19 16:12:08, MOVE, v:1, k:ed@pedra, mode:BACK
2026-05-19 16:12:51, SELF, v:1, k:ed@pedra, self:1, rate:100, study:25, concept:1
2026-05-19 16:13:09, SELF, v:1, k:ed@casais, self:1, rate:100, study:30, concept:1
2026-05-19 16:13:17, SELF, v:1, k:ed@baruel, self:1, rate:100, concept:1
2026-05-19 16:13:29, SELF, v:1, k:ed@gomos, self:1, rate:100, concept:1
2026-05-19 16:09:59, MOVE, v:1, k:ed@apagando, mode:EDIT
2026-05-19 16:09:59, MOVE, v:1, k:ed@apagando, mode:EDIT
2026-05-19 16:10:04, MOVE, v:1, k:ed@princesa, mode:EDIT
2026-05-19 16:10:04, MOVE, v:1, k:ed@princesa, mode:EDIT
2026-05-19 16:10:05, MOVE, v:1, k:ed@princesa, mode:EDIT
2026-05-19 16:10:45, MOVE, v:1, k:ed@triangulo, mode:EDIT
2026-05-19 16:10:45, MOVE, v:1, k:ed@triangulo, mode:EDIT
2026-05-19 16:10:58, MOVE, v:1, k:ed@triangulo, mode:EDIT
2026-05-19 16:16:01, MOVE, v:1, k:ed@triangulo, mode:PICK
2026-05-19 16:16:02, MOVE, v:1, k:ed@triangulo, mode:BACK
2026-05-19 16:17:11, MOVE, v:1, k:ed@princesa, mode:PICK
2026-05-19 16:17:15, EXEC, v:1, k:ed@princesa, mode:FULL, rate:0
2026-05-19 16:17:17, MOVE, v:1, k:ed@princesa, mode:BACK
2026-05-19 16:17:58, MOVE, v:1, k:ed@princesa, mode:PICK
2026-05-19 16:20:01, MOVE, v:1, k:ed@princesa, mode:BACK
2026-05-19 16:20:02, MOVE, v:1, k:ed@princesa, mode:PICK
2026-05-19 16:16:30, MOVE, v:1, k:ed@triangulo, mode:EDIT
2026-05-19 16:16:35, MOVE, v:1, k:ed@triangulo, mode:EDIT
2026-05-19 16:17:12, MOVE, v:1, k:ed@princesa, mode:EDIT
2026-05-19 16:17:14, MOVE, v:1, k:ed@princesa, mode:EDIT
2026-05-19 16:22:59, EXEC, v:1, k:ed@princesa, mode:FREE
2026-05-19 16:23:25, MOVE, v:1, k:ed@princesa, mode:EDIT
2026-05-19 16:29:17, MOVE, v:1, k:ed@princesa, mode:EDIT
2026-05-19 16:35:02, MOVE, v:1, k:ed@princesa, mode:EDIT
2026-05-19 16:40:04, MOVE, v:1, k:ed@princesa, mode:EDIT
2026-05-19 16:41:03, EXEC, v:1, k:ed@princesa, mode:FULL, rate:0, size:53
2026-05-19 16:42:22, EXEC, v:1, k:ed@princesa, mode:FULL, rate:0, size:51
2026-05-19 16:45:05, MOVE, v:1, k:ed@princesa, mode:EDIT
2026-05-19 16:42:21, MOVE, v:1, k:ed@princesa, mode:EDIT
2026-05-19 16:50:11, MOVE, v:1, k:ed@princesa, mode:EDIT
2026-05-19 16:51:43, EXEC, v:1, k:ed@princesa, mode:FULL, rate:0, size:66
2026-05-19 16:52:44, EXEC, v:1, k:ed@princesa, mode:FULL, rate:0, size:67
2026-05-19 16:53:09, EXEC, v:1, k:ed@princesa, mode:FULL, rate:0
2026-05-19 16:53:58, EXEC, v:1, k:ed@princesa, mode:FULL, rate:0, size:67
2026-05-19 16:54:33, EXEC, v:1, k:ed@princesa, mode:FULL, rate:0, size:67
2026-05-19 16:54:30, MOVE, v:1, k:ed@princesa, mode:EDIT
2026-05-19 16:54:32, MOVE, v:1, k:ed@princesa, mode:EDIT
2026-05-19 16:55:30, EXEC, v:1, k:ed@princesa, mode:FULL, rate:0, size:66
2026-05-19 17:01:53, MOVE, v:1, k:ed@princesa, mode:PICK
2026-05-19 17:02:05, EXEC, v:1, k:ed@princesa, mode:FULL, rate:0
